#
# A fatal error has been detected by the Java Runtime Environment:
#
#  Internal Error (generateOopMap.cpp:2164), pid=29859, tid=25859
#  fatal error: Illegal class file encountered. Try running with -Xverify:all in method adminMenu
#
# JRE version: Java(TM) SE Runtime Environment (11.0.4+10) (build 11.0.4+10-LTS)
# Java VM: Java HotSpot(TM) 64-Bit Server VM (11.0.4+10-LTS, mixed mode, tiered, compressed oops, g1 gc, bsd-amd64)
# No core dump will be written. Core dumps have been disabled. To enable core dumping, try "ulimit -c unlimited" before starting Java again
#
# If you would like to submit a bug report, please visit:
#   http://bugreport.java.com/bugreport/crash.jsp
#

---------------  S U M M A R Y ------------

Command Line: -agentlib:jdwp=transport=dt_socket,suspend=y,address=localhost:62188 -javaagent:/Users/chai/eclipse/jee-2019-06/Eclipse.app/Contents/Eclipse/configuration/org.eclipse.osgi/403/0/.cp/lib/javaagent-shaded.jar -Dfile.encoding=UTF-8 --module-path=/Users/chai/PFassign2/lib/mysql-connector-java-8.0.17.jar Application

Host: MacBookPro12,1 x86_64 2700 MHz, 4 cores, 8G, Darwin 19.0.0
Time: Thu Oct 17 15:16:06 2019 AEDT elapsed time: 23098 seconds (0d 6h 24m 58s)

---------------  T H R E A D  ---------------

Current thread (0x00007fd4a38ae800):  GCTaskThread "GC Thread#2" [stack: 0x000070000d01e000,0x000070000d11e000] [id=25859]

Stack: [0x000070000d01e000,0x000070000d11e000],  sp=0x000070000d11bd30,  free space=1015k
Native frames: (J=compiled Java code, A=aot compiled Java code, j=interpreted, Vv=VM code, C=native code)
V  [libjvm.dylib+0x74056d]  _ZN7VMError14report_and_dieEiPKcS1_P13__va_list_tagP6ThreadPhPvS7_S1_im+0x5d1
V  [libjvm.dylib+0x740bf9]  _ZN7VMError14report_and_dieEP6ThreadPvPKciS4_S4_P13__va_list_tag+0x47
V  [libjvm.dylib+0x265a49]  _Z12report_fatalPKciS0_z+0xb5
V  [libjvm.dylib+0x352044]  _ZN14GenerateOopMap10error_workEPKcP13__va_list_tag+0xe8
V  [libjvm.dylib+0x34f060]  _ZN14GenerateOopMap12report_errorEPKcz+0x7c
V  [libjvm.dylib+0x34f877]  _ZN14GenerateOopMap17init_basic_blocksEv+0x199
V  [libjvm.dylib+0x34f69d]  _ZN14GenerateOopMap17do_interpretationEv+0x2f
V  [libjvm.dylib+0x351e73]  _ZN14GenerateOopMap11compute_mapEP6Thread+0x165
V  [libjvm.dylib+0x5e8a36]  _ZN19OopMapForCacheEntry11compute_mapEP6Thread+0x54
V  [libjvm.dylib+0x5e920c]  _ZN16OopMapCacheEntry4fillERK12methodHandlei+0xac
V  [libjvm.dylib+0x5e97e5]  _ZN11OopMapCache6lookupERK12methodHandleiP17InterpreterOopMap+0x155
V  [libjvm.dylib+0x5ae479]  _ZN6Method8mask_forEiP17InterpreterOopMap+0x6d
V  [libjvm.dylib+0x2e9ee7]  _ZN5frame19oops_interpreted_doEP10OopClosurePK11RegisterMapb+0x24d
V  [libjvm.dylib+0x6f0ea3]  _ZN10JavaThread7oops_doEP10OopClosureP15CodeBlobClosure+0x135
V  [libjvm.dylib+0x6f1f12]  _ZN7Threads28possibly_parallel_threads_doEbP13ThreadClosure+0x7a
V  [libjvm.dylib+0x6f37c0]  _ZN7Threads25possibly_parallel_oops_doEbP10OopClosureP15CodeBlobClosure+0x2a
V  [libjvm.dylib+0x338d91]  _ZN15G1RootProcessor18process_java_rootsEP14G1RootClosuresP14G1GCPhaseTimesj+0xad
V  [libjvm.dylib+0x338b53]  _ZN15G1RootProcessor14evacuate_rootsEP20G1ParScanThreadStatej+0x5d
V  [libjvm.dylib+0x2ff444]  _ZN9G1ParTask4workEj+0xbc
V  [libjvm.dylib+0x767673]  _ZN10GangWorker4loopEv+0x43
V  [libjvm.dylib+0x5f1fff]  _ZL19thread_native_entryP6Thread+0x135
C  [libsystem_pthread.dylib+0x5d76]  _pthread_start+0x7d
C  [libsystem_pthread.dylib+0x25d7]  thread_start+0xf

JavaThread 0x00007fd4a3005000 (nid = 10499) was being processed
Java frames: (J=compiled Java code, j=interpreted, Vv=VM code)
j  java.io.FileInputStream.readBytes([BII)I+0 java.base@11.0.4
j  java.io.FileInputStream.read([BII)I+4 java.base@11.0.4
J 938 c1 java.io.BufferedInputStream.read1([BII)I java.base@11.0.4 (108 bytes) @ 0x000000011c93642c [0x000000011c936000+0x000000000000042c]
J 937 c1 java.io.BufferedInputStream.read([BII)I java.base@11.0.4 (113 bytes) @ 0x000000011c934984 [0x000000011c9346e0+0x00000000000002a4]
j  sun.nio.cs.StreamDecoder.readBytes()I+135 java.base@11.0.4
j  sun.nio.cs.StreamDecoder.implRead([CII)I+112 java.base@11.0.4
j  sun.nio.cs.StreamDecoder.read([CII)I+180 java.base@11.0.4
j  java.io.InputStreamReader.read([CII)I+7 java.base@11.0.4
j  java.io.Reader.read(Ljava/nio/CharBuffer;)I+13 java.base@11.0.4
j  java.util.Scanner.readInput()V+70 java.base@11.0.4
j  java.util.Scanner.next(Ljava/util/regex/Pattern;)Ljava/lang/String;+73 java.base@11.0.4
j  java.util.Scanner.nextInt(I)I+56 java.base@11.0.4
j  java.util.Scanner.nextInt()I+5 java.base@11.0.4
j  Application.adminMenu(Ljava/util/Scanner;)V+734
j  Application.main([Ljava/lang/String;)V+181
v  ~StubRoutines::call_stub

---------------  P R O C E S S  ---------------

Threads class SMR info:
_java_thread_list=0x00007fd4a2eaca50, length=13, elements={
0x00007fd4a3005000, 0x00007fd4a3026800, 0x00007fd4a302b800, 0x00007fd4a4836000,
0x00007fd4a3027800, 0x00007fd4a3028000, 0x00007fd4a4043000, 0x00007fd4a30c2800,
0x00007fd4a401d800, 0x00007fd4a488b800, 0x00007fd4a4886000, 0x00007fd4a4978000,
0x00007fd4a414c800
}

Java Threads: ( => current thread )
  0x00007fd4a3005000 JavaThread "main" [_thread_in_native, id=10499, stack(0x000070000b8d6000,0x000070000b9d6000)]
  0x00007fd4a3026800 JavaThread "Reference Handler" daemon [_thread_blocked, id=18947, stack(0x000070000bfeb000,0x000070000c0eb000)]
  0x00007fd4a302b800 JavaThread "Finalizer" daemon [_thread_blocked, id=13315, stack(0x000070000c0ee000,0x000070000c1ee000)]
  0x00007fd4a4836000 JavaThread "Signal Dispatcher" daemon [_thread_blocked, id=16899, stack(0x000070000c2f7000,0x000070000c3f7000)]
  0x00007fd4a3027800 JavaThread "C2 CompilerThread0" daemon [_thread_blocked, id=15363, stack(0x000070000c3fa000,0x000070000c4fa000)]
  0x00007fd4a3028000 JavaThread "C1 CompilerThread0" daemon [_thread_blocked, id=15875, stack(0x000070000c4fd000,0x000070000c5fd000)]
  0x00007fd4a4043000 JavaThread "Sweeper thread" daemon [_thread_blocked, id=43267, stack(0x000070000c600000,0x000070000c700000)]
  0x00007fd4a30c2800 JavaThread "Common-Cleaner" daemon [_thread_blocked, id=22275, stack(0x000070000c703000,0x000070000c803000)]
  0x00007fd4a401d800 JavaThread "JDWP Transport Listener: dt_socket" daemon [_thread_blocked, id=22787, stack(0x000070000c909000,0x000070000ca09000)]
  0x00007fd4a488b800 JavaThread "JDWP Event Helper Thread" daemon [_thread_blocked, id=23299, stack(0x000070000ca0c000,0x000070000cb0c000)]
  0x00007fd4a4886000 JavaThread "JDWP Command Reader" daemon [_thread_in_native, id=41475, stack(0x000070000cb0f000,0x000070000cc0f000)]
  0x00007fd4a4978000 JavaThread "Service Thread" daemon [_thread_blocked, id=40963, stack(0x000070000cc12000,0x000070000cd12000)]
  0x00007fd4a414c800 JavaThread "mysql-cj-abandoned-connection-cleanup" daemon [_thread_blocked, id=42763, stack(0x000070000c806000,0x000070000c906000)]

Other Threads:
  0x00007fd4a403c800 VMThread "VM Thread" [stack: 0x000070000bee8000,0x000070000bfe8000] [id=12547]
  0x00007fd4a4226800 WatcherThread [stack: 0x000070000cd15000,0x000070000ce15000] [id=24323]
  0x00007fd4a4808000 GCTaskThread "GC Thread#0" [stack: 0x000070000b9d9000,0x000070000bad9000] [id=11267]
  0x00007fd4a3924000 GCTaskThread "GC Thread#1" [stack: 0x000070000cf1b000,0x000070000d01b000] [id=25347]
=>0x00007fd4a38ae800 GCTaskThread "GC Thread#2" [stack: 0x000070000d01e000,0x000070000d11e000] [id=25859]
  0x00007fd4a3827800 ConcurrentGCThread "G1 Main Marker" [stack: 0x000070000badc000,0x000070000bbdc000] [id=20995]
  0x00007fd4a3828000 ConcurrentGCThread "G1 Conc#0" [stack: 0x000070000bbdf000,0x000070000bcdf000] [id=20227]
  0x00007fd4a401a000 ConcurrentGCThread "G1 Refine#0" [stack: 0x000070000bce2000,0x000070000bde2000] [id=19715]
  0x00007fd4a401a800 ConcurrentGCThread "G1 Young RemSet Sampling" [stack: 0x000070000bde5000,0x000070000bee5000] [id=19459]

Threads with active compile tasks:
C2 CompilerThread01668       4       org.eclipse.jdt.launching.internal.org.objectweb.asm.Attribute::putAttributes (78 bytes)

VM state:at safepoint (normal execution)

VM Mutex/Monitor currently owned by a thread:  ([mutex/lock_event])
[0x00007fd4a2e09970] Threads_lock - owner thread: 0x00007fd4a403c800
[0x00007fd4a2e09ff0] Heap_lock - owner thread: 0x00007fd4a401d800

Heap address: 0x0000000780000000, size: 2048 MB, Compressed Oops mode: Zero based, Oop shift amount: 3
Narrow klass base: 0x0000000800000000, Narrow klass shift: 0
Compressed class space size: 1073741824 Address: 0x0000000800000000

Heap:
 garbage-first heap   total 131072K, used 55574K [0x0000000780000000, 0x0000000800000000)
  region size 1024K, 53 young (54272K), 1 survivors (1024K)
 Metaspace       used 20725K, capacity 20965K, committed 21248K, reserved 1069056K
  class space    used 1877K, capacity 1975K, committed 2048K, reserved 1048576K
Heap Regions: E=young(eden), S=young(survivor), O=old, HS=humongous(starts), HC=humongous(continues), CS=collection set, F=free, A=archive, TAMS=top-at-mark-start (previous, next)
|   0|0x0000000780000000, 0x0000000780045800, 0x0000000780100000| 27%| O|  |TAMS 0x0000000780000000, 0x0000000780100000| Untracked 
|   1|0x0000000780100000, 0x0000000780100000, 0x0000000780200000|  0%| F|  |TAMS 0x0000000780100000, 0x0000000780100000| Untracked 
|   2|0x0000000780200000, 0x0000000780200000, 0x0000000780300000|  0%| F|  |TAMS 0x0000000780200000, 0x0000000780200000| Untracked 
|   3|0x0000000780300000, 0x0000000780300000, 0x0000000780400000|  0%| F|  |TAMS 0x0000000780300000, 0x0000000780300000| Untracked 
|   4|0x0000000780400000, 0x0000000780400000, 0x0000000780500000|  0%| F|  |TAMS 0x0000000780400000, 0x0000000780400000| Untracked 
|   5|0x0000000780500000, 0x0000000780500000, 0x0000000780600000|  0%| F|  |TAMS 0x0000000780500000, 0x0000000780500000| Untracked 
|   6|0x0000000780600000, 0x0000000780600000, 0x0000000780700000|  0%| F|  |TAMS 0x0000000780600000, 0x0000000780600000| Untracked 
|   7|0x0000000780700000, 0x0000000780700000, 0x0000000780800000|  0%| F|  |TAMS 0x0000000780700000, 0x0000000780700000| Untracked 
|   8|0x0000000780800000, 0x0000000780800000, 0x0000000780900000|  0%| F|  |TAMS 0x0000000780800000, 0x0000000780800000| Untracked 
|   9|0x0000000780900000, 0x0000000780900000, 0x0000000780a00000|  0%| F|  |TAMS 0x0000000780900000, 0x0000000780900000| Untracked 
|  10|0x0000000780a00000, 0x0000000780a00000, 0x0000000780b00000|  0%| F|  |TAMS 0x0000000780a00000, 0x0000000780a00000| Untracked 
|  11|0x0000000780b00000, 0x0000000780b00000, 0x0000000780c00000|  0%| F|  |TAMS 0x0000000780b00000, 0x0000000780b00000| Untracked 
|  12|0x0000000780c00000, 0x0000000780c00000, 0x0000000780d00000|  0%| F|  |TAMS 0x0000000780c00000, 0x0000000780c00000| Untracked 
|  13|0x0000000780d00000, 0x0000000780d00000, 0x0000000780e00000|  0%| F|  |TAMS 0x0000000780d00000, 0x0000000780d00000| Untracked 
|  14|0x0000000780e00000, 0x0000000780e00000, 0x0000000780f00000|  0%| F|  |TAMS 0x0000000780e00000, 0x0000000780e00000| Untracked 
|  15|0x0000000780f00000, 0x0000000780f00000, 0x0000000781000000|  0%| F|  |TAMS 0x0000000780f00000, 0x0000000780f00000| Untracked 
|  16|0x0000000781000000, 0x0000000781000000, 0x0000000781100000|  0%| F|  |TAMS 0x0000000781000000, 0x0000000781000000| Untracked 
|  17|0x0000000781100000, 0x0000000781100000, 0x0000000781200000|  0%| F|  |TAMS 0x0000000781100000, 0x0000000781100000| Untracked 
|  18|0x0000000781200000, 0x0000000781200000, 0x0000000781300000|  0%| F|  |TAMS 0x0000000781200000, 0x0000000781200000| Untracked 
|  19|0x0000000781300000, 0x0000000781300000, 0x0000000781400000|  0%| F|  |TAMS 0x0000000781300000, 0x0000000781300000| Untracked 
|  20|0x0000000781400000, 0x0000000781400000, 0x0000000781500000|  0%| F|  |TAMS 0x0000000781400000, 0x0000000781400000| Untracked 
|  21|0x0000000781500000, 0x0000000781500000, 0x0000000781600000|  0%| F|  |TAMS 0x0000000781500000, 0x0000000781500000| Untracked 
|  22|0x0000000781600000, 0x0000000781600000, 0x0000000781700000|  0%| F|  |TAMS 0x0000000781600000, 0x0000000781600000| Untracked 
|  23|0x0000000781700000, 0x0000000781700000, 0x0000000781800000|  0%| F|  |TAMS 0x0000000781700000, 0x0000000781700000| Untracked 
|  24|0x0000000781800000, 0x0000000781800000, 0x0000000781900000|  0%| F|  |TAMS 0x0000000781800000, 0x0000000781800000| Untracked 
|  25|0x0000000781900000, 0x0000000781900000, 0x0000000781a00000|  0%| F|  |TAMS 0x0000000781900000, 0x0000000781900000| Untracked 
|  26|0x0000000781a00000, 0x0000000781a00000, 0x0000000781b00000|  0%| F|  |TAMS 0x0000000781a00000, 0x0000000781a00000| Untracked 
|  27|0x0000000781b00000, 0x0000000781b00000, 0x0000000781c00000|  0%| F|  |TAMS 0x0000000781b00000, 0x0000000781b00000| Untracked 
|  28|0x0000000781c00000, 0x0000000781c00000, 0x0000000781d00000|  0%| F|  |TAMS 0x0000000781c00000, 0x0000000781c00000| Untracked 
|  29|0x0000000781d00000, 0x0000000781d00000, 0x0000000781e00000|  0%| F|  |TAMS 0x0000000781d00000, 0x0000000781d00000| Untracked 
|  30|0x0000000781e00000, 0x0000000781e00000, 0x0000000781f00000|  0%| F|  |TAMS 0x0000000781e00000, 0x0000000781e00000| Untracked 
|  31|0x0000000781f00000, 0x0000000781f00000, 0x0000000782000000|  0%| F|  |TAMS 0x0000000781f00000, 0x0000000781f00000| Untracked 
|  32|0x0000000782000000, 0x0000000782000000, 0x0000000782100000|  0%| F|  |TAMS 0x0000000782000000, 0x0000000782000000| Untracked 
|  33|0x0000000782100000, 0x0000000782100000, 0x0000000782200000|  0%| F|  |TAMS 0x0000000782100000, 0x0000000782100000| Untracked 
|  34|0x0000000782200000, 0x0000000782200000, 0x0000000782300000|  0%| F|  |TAMS 0x0000000782200000, 0x0000000782200000| Untracked 
|  35|0x0000000782300000, 0x0000000782300000, 0x0000000782400000|  0%| F|  |TAMS 0x0000000782300000, 0x0000000782300000| Untracked 
|  36|0x0000000782400000, 0x0000000782400000, 0x0000000782500000|  0%| F|  |TAMS 0x0000000782400000, 0x0000000782400000| Untracked 
|  37|0x0000000782500000, 0x0000000782500000, 0x0000000782600000|  0%| F|  |TAMS 0x0000000782500000, 0x0000000782500000| Untracked 
|  38|0x0000000782600000, 0x0000000782600000, 0x0000000782700000|  0%| F|  |TAMS 0x0000000782600000, 0x0000000782600000| Untracked 
|  39|0x0000000782700000, 0x0000000782700000, 0x0000000782800000|  0%| F|  |TAMS 0x0000000782700000, 0x0000000782700000| Untracked 
|  40|0x0000000782800000, 0x0000000782800000, 0x0000000782900000|  0%| F|  |TAMS 0x0000000782800000, 0x0000000782800000| Untracked 
|  41|0x0000000782900000, 0x0000000782900000, 0x0000000782a00000|  0%| F|  |TAMS 0x0000000782900000, 0x0000000782900000| Untracked 
|  42|0x0000000782a00000, 0x0000000782a00000, 0x0000000782b00000|  0%| F|  |TAMS 0x0000000782a00000, 0x0000000782a00000| Untracked 
|  43|0x0000000782b00000, 0x0000000782b00000, 0x0000000782c00000|  0%| F|  |TAMS 0x0000000782b00000, 0x0000000782b00000| Untracked 
|  44|0x0000000782c00000, 0x0000000782c00000, 0x0000000782d00000|  0%| F|  |TAMS 0x0000000782c00000, 0x0000000782c00000| Untracked 
|  45|0x0000000782d00000, 0x0000000782d00000, 0x0000000782e00000|  0%| F|  |TAMS 0x0000000782d00000, 0x0000000782d00000| Untracked 
|  46|0x0000000782e00000, 0x0000000782e00000, 0x0000000782f00000|  0%| F|  |TAMS 0x0000000782e00000, 0x0000000782e00000| Untracked 
|  47|0x0000000782f00000, 0x0000000782f00000, 0x0000000783000000|  0%| F|  |TAMS 0x0000000782f00000, 0x0000000782f00000| Untracked 
|  48|0x0000000783000000, 0x0000000783000000, 0x0000000783100000|  0%| F|  |TAMS 0x0000000783000000, 0x0000000783000000| Untracked 
|  49|0x0000000783100000, 0x0000000783100000, 0x0000000783200000|  0%| F|  |TAMS 0x0000000783100000, 0x0000000783100000| Untracked 
|  50|0x0000000783200000, 0x0000000783200000, 0x0000000783300000|  0%| F|  |TAMS 0x0000000783200000, 0x0000000783200000| Untracked 
|  51|0x0000000783300000, 0x0000000783300000, 0x0000000783400000|  0%| F|  |TAMS 0x0000000783300000, 0x0000000783300000| Untracked 
|  52|0x0000000783400000, 0x0000000783400000, 0x0000000783500000|  0%| F|  |TAMS 0x0000000783400000, 0x0000000783400000| Untracked 
|  53|0x0000000783500000, 0x0000000783500000, 0x0000000783600000|  0%| F|  |TAMS 0x0000000783500000, 0x0000000783500000| Untracked 
|  54|0x0000000783600000, 0x0000000783600000, 0x0000000783700000|  0%| F|  |TAMS 0x0000000783600000, 0x0000000783600000| Untracked 
|  55|0x0000000783700000, 0x0000000783700000, 0x0000000783800000|  0%| F|  |TAMS 0x0000000783700000, 0x0000000783700000| Untracked 
|  56|0x0000000783800000, 0x0000000783800000, 0x0000000783900000|  0%| F|  |TAMS 0x0000000783800000, 0x0000000783800000| Untracked 
|  57|0x0000000783900000, 0x0000000783900000, 0x0000000783a00000|  0%| F|  |TAMS 0x0000000783900000, 0x0000000783900000| Untracked 
|  58|0x0000000783a00000, 0x0000000783a00000, 0x0000000783b00000|  0%| F|  |TAMS 0x0000000783a00000, 0x0000000783a00000| Untracked 
|  59|0x0000000783b00000, 0x0000000783b00000, 0x0000000783c00000|  0%| F|  |TAMS 0x0000000783b00000, 0x0000000783b00000| Untracked 
|  60|0x0000000783c00000, 0x0000000783c00000, 0x0000000783d00000|  0%| F|  |TAMS 0x0000000783c00000, 0x0000000783c00000| Untracked 
|  61|0x0000000783d00000, 0x0000000783d00000, 0x0000000783e00000|  0%| F|  |TAMS 0x0000000783d00000, 0x0000000783d00000| Untracked 
|  62|0x0000000783e00000, 0x0000000783e00000, 0x0000000783f00000|  0%| F|  |TAMS 0x0000000783e00000, 0x0000000783e00000| Untracked 
|  63|0x0000000783f00000, 0x0000000783f00000, 0x0000000784000000|  0%| F|  |TAMS 0x0000000783f00000, 0x0000000783f00000| Untracked 
|  64|0x0000000784000000, 0x0000000784000000, 0x0000000784100000|  0%| F|  |TAMS 0x0000000784000000, 0x0000000784000000| Untracked 
|  65|0x0000000784100000, 0x0000000784100000, 0x0000000784200000|  0%| F|  |TAMS 0x0000000784100000, 0x0000000784100000| Untracked 
|  66|0x0000000784200000, 0x0000000784200000, 0x0000000784300000|  0%| F|  |TAMS 0x0000000784200000, 0x0000000784200000| Untracked 
|  67|0x0000000784300000, 0x0000000784300000, 0x0000000784400000|  0%| F|  |TAMS 0x0000000784300000, 0x0000000784300000| Untracked 
|  68|0x0000000784400000, 0x0000000784400000, 0x0000000784500000|  0%| F|  |TAMS 0x0000000784400000, 0x0000000784400000| Untracked 
|  69|0x0000000784500000, 0x0000000784500000, 0x0000000784600000|  0%| F|  |TAMS 0x0000000784500000, 0x0000000784500000| Untracked 
|  70|0x0000000784600000, 0x0000000784600000, 0x0000000784700000|  0%| F|  |TAMS 0x0000000784600000, 0x0000000784600000| Untracked 
|  71|0x0000000784700000, 0x0000000784700000, 0x0000000784800000|  0%| F|  |TAMS 0x0000000784700000, 0x0000000784700000| Untracked 
|  72|0x0000000784800000, 0x0000000784800000, 0x0000000784900000|  0%| F|  |TAMS 0x0000000784800000, 0x0000000784800000| Untracked 
|  73|0x0000000784900000, 0x000000078496f160, 0x0000000784a00000| 43%| S|  |TAMS 0x0000000784900000, 0x0000000784900000| Complete 
|  74|0x0000000784a00000, 0x0000000784b00000, 0x0000000784b00000|100%| E|CS|TAMS 0x0000000784a00000, 0x0000000784b00000| Complete 
|  75|0x0000000784b00000, 0x0000000784c00000, 0x0000000784c00000|100%| E|CS|TAMS 0x0000000784b00000, 0x0000000784c00000| Complete 
|  76|0x0000000784c00000, 0x0000000784d00000, 0x0000000784d00000|100%| E|CS|TAMS 0x0000000784c00000, 0x0000000784d00000| Complete 
|  77|0x0000000784d00000, 0x0000000784e00000, 0x0000000784e00000|100%| E|CS|TAMS 0x0000000784d00000, 0x0000000784e00000| Complete 
|  78|0x0000000784e00000, 0x0000000784f00000, 0x0000000784f00000|100%| E|CS|TAMS 0x0000000784e00000, 0x0000000784f00000| Complete 
|  79|0x0000000784f00000, 0x0000000785000000, 0x0000000785000000|100%| E|CS|TAMS 0x0000000784f00000, 0x0000000785000000| Complete 
|  80|0x0000000785000000, 0x0000000785100000, 0x0000000785100000|100%| E|CS|TAMS 0x0000000785000000, 0x0000000785100000| Complete 
|  81|0x0000000785100000, 0x0000000785200000, 0x0000000785200000|100%| E|CS|TAMS 0x0000000785100000, 0x0000000785200000| Complete 
|  82|0x0000000785200000, 0x0000000785300000, 0x0000000785300000|100%| E|CS|TAMS 0x0000000785200000, 0x0000000785300000| Complete 
|  83|0x0000000785300000, 0x0000000785400000, 0x0000000785400000|100%| E|CS|TAMS 0x0000000785300000, 0x0000000785400000| Complete 
|  84|0x0000000785400000, 0x0000000785500000, 0x0000000785500000|100%| E|CS|TAMS 0x0000000785400000, 0x0000000785500000| Complete 
|  85|0x0000000785500000, 0x0000000785600000, 0x0000000785600000|100%| E|CS|TAMS 0x0000000785500000, 0x0000000785600000| Complete 
|  86|0x0000000785600000, 0x0000000785700000, 0x0000000785700000|100%| E|CS|TAMS 0x0000000785600000, 0x0000000785700000| Complete 
|  87|0x0000000785700000, 0x0000000785800000, 0x0000000785800000|100%| E|CS|TAMS 0x0000000785700000, 0x0000000785800000| Complete 
|  88|0x0000000785800000, 0x0000000785900000, 0x0000000785900000|100%| E|CS|TAMS 0x0000000785800000, 0x0000000785900000| Complete 
|  89|0x0000000785900000, 0x0000000785a00000, 0x0000000785a00000|100%| E|CS|TAMS 0x0000000785900000, 0x0000000785a00000| Complete 
|  90|0x0000000785a00000, 0x0000000785b00000, 0x0000000785b00000|100%| E|CS|TAMS 0x0000000785a00000, 0x0000000785b00000| Complete 
|  91|0x0000000785b00000, 0x0000000785c00000, 0x0000000785c00000|100%| E|CS|TAMS 0x0000000785b00000, 0x0000000785c00000| Complete 
|  92|0x0000000785c00000, 0x0000000785d00000, 0x0000000785d00000|100%| E|CS|TAMS 0x0000000785c00000, 0x0000000785d00000| Complete 
|  93|0x0000000785d00000, 0x0000000785e00000, 0x0000000785e00000|100%| E|CS|TAMS 0x0000000785d00000, 0x0000000785e00000| Complete 
|  94|0x0000000785e00000, 0x0000000785f00000, 0x0000000785f00000|100%| E|CS|TAMS 0x0000000785e00000, 0x0000000785f00000| Complete 
|  95|0x0000000785f00000, 0x0000000786000000, 0x0000000786000000|100%| E|CS|TAMS 0x0000000785f00000, 0x0000000786000000| Complete 
|  96|0x0000000786000000, 0x0000000786100000, 0x0000000786100000|100%| E|CS|TAMS 0x0000000786000000, 0x0000000786100000| Complete 
|  97|0x0000000786100000, 0x0000000786200000, 0x0000000786200000|100%| E|CS|TAMS 0x0000000786100000, 0x0000000786200000| Complete 
|  98|0x0000000786200000, 0x0000000786300000, 0x0000000786300000|100%| E|CS|TAMS 0x0000000786200000, 0x0000000786300000| Complete 
|  99|0x0000000786300000, 0x0000000786400000, 0x0000000786400000|100%| E|CS|TAMS 0x0000000786300000, 0x0000000786400000| Complete 
| 100|0x0000000786400000, 0x0000000786500000, 0x0000000786500000|100%| E|CS|TAMS 0x0000000786400000, 0x0000000786500000| Complete 
| 101|0x0000000786500000, 0x0000000786600000, 0x0000000786600000|100%| E|CS|TAMS 0x0000000786500000, 0x0000000786600000| Complete 
| 102|0x0000000786600000, 0x0000000786700000, 0x0000000786700000|100%| E|CS|TAMS 0x0000000786600000, 0x0000000786700000| Complete 
| 103|0x0000000786700000, 0x0000000786800000, 0x0000000786800000|100%| E|CS|TAMS 0x0000000786700000, 0x0000000786800000| Complete 
| 104|0x0000000786800000, 0x0000000786900000, 0x0000000786900000|100%| E|CS|TAMS 0x0000000786800000, 0x0000000786900000| Complete 
| 105|0x0000000786900000, 0x0000000786a00000, 0x0000000786a00000|100%| E|CS|TAMS 0x0000000786900000, 0x0000000786a00000| Complete 
| 106|0x0000000786a00000, 0x0000000786b00000, 0x0000000786b00000|100%| E|CS|TAMS 0x0000000786a00000, 0x0000000786b00000| Complete 
| 107|0x0000000786b00000, 0x0000000786c00000, 0x0000000786c00000|100%| E|CS|TAMS 0x0000000786b00000, 0x0000000786c00000| Complete 
| 108|0x0000000786c00000, 0x0000000786d00000, 0x0000000786d00000|100%| E|CS|TAMS 0x0000000786c00000, 0x0000000786d00000| Complete 
| 109|0x0000000786d00000, 0x0000000786e00000, 0x0000000786e00000|100%| E|CS|TAMS 0x0000000786d00000, 0x0000000786e00000| Complete 
| 110|0x0000000786e00000, 0x0000000786f00000, 0x0000000786f00000|100%| E|CS|TAMS 0x0000000786e00000, 0x0000000786f00000| Complete 
| 111|0x0000000786f00000, 0x0000000787000000, 0x0000000787000000|100%| E|CS|TAMS 0x0000000786f00000, 0x0000000787000000| Complete 
| 112|0x0000000787000000, 0x0000000787100000, 0x0000000787100000|100%| E|CS|TAMS 0x0000000787000000, 0x0000000787100000| Complete 
| 113|0x0000000787100000, 0x0000000787200000, 0x0000000787200000|100%| E|CS|TAMS 0x0000000787100000, 0x0000000787200000| Complete 
| 114|0x0000000787200000, 0x0000000787300000, 0x0000000787300000|100%| E|CS|TAMS 0x0000000787200000, 0x0000000787300000| Complete 
| 115|0x0000000787300000, 0x0000000787400000, 0x0000000787400000|100%| E|CS|TAMS 0x0000000787300000, 0x0000000787400000| Complete 
| 116|0x0000000787400000, 0x0000000787500000, 0x0000000787500000|100%| E|CS|TAMS 0x0000000787400000, 0x0000000787500000| Complete 
| 117|0x0000000787500000, 0x0000000787600000, 0x0000000787600000|100%| E|CS|TAMS 0x0000000787500000, 0x0000000787600000| Complete 
| 118|0x0000000787600000, 0x0000000787700000, 0x0000000787700000|100%| E|CS|TAMS 0x0000000787600000, 0x0000000787700000| Complete 
| 119|0x0000000787700000, 0x0000000787800000, 0x0000000787800000|100%| E|CS|TAMS 0x0000000787700000, 0x0000000787800000| Complete 
| 120|0x0000000787800000, 0x0000000787900000, 0x0000000787900000|100%| E|CS|TAMS 0x0000000787800000, 0x0000000787900000| Complete 
| 121|0x0000000787900000, 0x0000000787a00000, 0x0000000787a00000|100%| E|CS|TAMS 0x0000000787900000, 0x0000000787a00000| Complete 
| 122|0x0000000787a00000, 0x0000000787b00000, 0x0000000787b00000|100%| E|CS|TAMS 0x0000000787a00000, 0x0000000787b00000| Complete 
| 123|0x0000000787b00000, 0x0000000787c00000, 0x0000000787c00000|100%| E|CS|TAMS 0x0000000787b00000, 0x0000000787c00000| Complete 
| 124|0x0000000787c00000, 0x0000000787d00000, 0x0000000787d00000|100%| E|CS|TAMS 0x0000000787c00000, 0x0000000787d00000| Complete 
| 125|0x0000000787d00000, 0x0000000787e00000, 0x0000000787e00000|100%| E|CS|TAMS 0x0000000787d00000, 0x0000000787e00000| Complete 
| 126|0x0000000787e00000, 0x0000000787f00000, 0x0000000787f00000|100%| E|CS|TAMS 0x0000000787e00000, 0x0000000787f00000| Complete 
| 127|0x0000000787f00000, 0x0000000788000000, 0x0000000788000000|100%| E|CS|TAMS 0x0000000787f00000, 0x0000000788000000| Complete 

Card table byte_map: [0x0000000119060000,0x0000000119460000] _byte_map_base: 0x0000000115460000

Marking Bits (Prev, Next): (CMBitMap*) 0x00007fd4a3804618, (CMBitMap*) 0x00007fd4a3804650
 Prev Bits: [0x0000000119860000, 0x000000011b860000)
 Next Bits: [0x000000012b1dd000, 0x000000012d1dd000)

Polling page: 0x000000010ec56000

Metaspace:

Usage:
  Non-class:     18.54 MB capacity,    18.41 MB (>99%) used,   107.98 KB ( <1%) free+waste,    34.12 KB ( <1%) overhead. 
      Class:      1.93 MB capacity,     1.83 MB ( 95%) used,    83.95 KB (  4%) free+waste,    13.50 KB ( <1%) overhead. 
       Both:     20.47 MB capacity,    20.24 MB ( 99%) used,   191.93 KB ( <1%) free+waste,    47.62 KB ( <1%) overhead. 

Virtual space:
  Non-class space:       20.00 MB reserved,      18.75 MB ( 94%) committed 
      Class space:        1.00 GB reserved,       2.00 MB ( <1%) committed 
             Both:        1.02 GB reserved,      20.75 MB (  2%) committed 

Chunk freelists:
   Non-Class:  26.25 KB
       Class:  1.12 KB
        Both:  27.38 KB

CodeHeap 'non-profiled nmethods': size=120032Kb used=1120Kb max_used=1120Kb free=118911Kb
 bounds [0x0000000123ca5000, 0x0000000123f15000, 0x000000012b1dd000]
CodeHeap 'profiled nmethods': size=120032Kb used=2701Kb max_used=3224Kb free=117330Kb
 bounds [0x000000011c76d000, 0x000000011ca9d000, 0x0000000123ca5000]
CodeHeap 'non-nmethods': size=5696Kb used=1222Kb max_used=1345Kb free=4473Kb
 bounds [0x000000011c1dd000, 0x000000011c44d000, 0x000000011c76d000]
 total_blobs=2507 nmethods=1467 adapters=408
 compilation: enabled
              stopped_count=0, restarted_count=0
 full_count=0

Compilation events (10 events):
Event: 11412.422 Thread 0x00007fd4a3027800 nmethod 1663 0x0000000123db3990 code [0x0000000123db3b20, 0x0000000123db3e78]
Event: 12133.358 Thread 0x00007fd4a3027800 1664       4       java.lang.String::regionMatches (150 bytes)
Event: 12133.404 Thread 0x00007fd4a3027800 nmethod 1664 0x0000000123db3f10 code [0x0000000123db4100, 0x0000000123db4d30]
Event: 13154.224 Thread 0x00007fd4a3027800 1665   !   4       java.net.URL::<init> (543 bytes)
Event: 13154.315 Thread 0x00007fd4a3027800 nmethod 1665 0x0000000123db5590 code [0x0000000123db57a0, 0x0000000123db6db8]
Event: 13229.274 Thread 0x00007fd4a3027800 1666       4       java.net.URLStreamHandler::parseURL (1201 bytes)
Event: 13229.454 Thread 0x00007fd4a3027800 nmethod 1666 0x0000000123db7990 code [0x0000000123db7c60, 0x0000000123dbb620]
Event: 13454.394 Thread 0x00007fd4a3027800 1667       4       java.lang.ClassLoader::getResource (41 bytes)
Event: 13454.514 Thread 0x00007fd4a3027800 nmethod 1667 0x0000000123dbd790 code [0x0000000123dbd980, 0x0000000123dbdbb0]
Event: 23098.309 Thread 0x00007fd4a3027800 1668       4       org.eclipse.jdt.launching.internal.org.objectweb.asm.Attribute::putAttributes (78 bytes)

GC Heap History (3 events):
Event: 14.514 GC heap before
{Heap before GC invocations=0 (full 0):
 garbage-first heap   total 131072K, used 13312K [0x0000000780000000, 0x0000000800000000)
  region size 1024K, 14 young (14336K), 0 survivors (0K)
 Metaspace       used 11371K, capacity 11648K, committed 12032K, reserved 1060864K
  class space    used 1035K, capacity 1156K, committed 1280K, reserved 1048576K
}
Event: 14.518 GC heap after
{Heap after GC invocations=1 (full 0):
 garbage-first heap   total 131072K, used 2326K [0x0000000780000000, 0x0000000800000000)
  region size 1024K, 2 young (2048K), 2 survivors (2048K)
 Metaspace       used 11371K, capacity 11648K, committed 12032K, reserved 1060864K
  class space    used 1035K, capacity 1156K, committed 1280K, reserved 1048576K
}
Event: 23098.313 GC heap before
{Heap before GC invocations=1 (full 0):
 garbage-first heap   total 131072K, used 54550K [0x0000000780000000, 0x0000000800000000)
  region size 1024K, 54 young (55296K), 2 survivors (2048K)
 Metaspace       used 20725K, capacity 20965K, committed 21248K, reserved 1069056K
  class space    used 1877K, capacity 1975K, committed 2048K, reserved 1048576K
}

Deoptimization events (10 events):
Event: 14.393 Thread 0x00007fd4a3005000 Uncommon trap: reason=unstable_if action=reinterpret pc=0x0000000123cb46c4 method=java.lang.CharacterDataLatin1.isJavaIdentifierPart(I)Z @ 11 c2
Event: 14.505 Thread 0x00007fd4a3005000 Uncommon trap: reason=unstable_if action=reinterpret pc=0x0000000123cdd784 method=org.eclipse.jdt.launching.internal.org.objectweb.asm.ByteVector.putUTF8(Ljava/lang/String;)Lorg/eclipse/jdt/launching/internal/org/objectweb/asm/ByteVector; @ 93 c2
Event: 14.693 Thread 0x00007fd4a3005000 Uncommon trap: reason=bimorphic_or_optimized_type_check action=maybe_recompile pc=0x0000000123cc6f78 method=java.util.HashMap.putVal(ILjava/lang/Object;Ljava/lang/Object;ZZ)Ljava/lang/Object; @ 152 c2
Event: 14.699 Thread 0x00007fd4a3005000 Uncommon trap: reason=bimorphic_or_optimized_type_check action=maybe_recompile pc=0x0000000123cc6f78 method=java.util.HashMap.putVal(ILjava/lang/Object;Ljava/lang/Object;ZZ)Ljava/lang/Object; @ 152 c2
Event: 14.823 Thread 0x00007fd4a3005000 Uncommon trap: reason=unstable_if action=reinterpret pc=0x0000000123cede34 method=org.eclipse.jdt.launching.internal.org.objectweb.asm.ByteVector.putUTF8(Ljava/lang/String;)Lorg/eclipse/jdt/launching/internal/org/objectweb/asm/ByteVector; @ 93 c2
Event: 14.959 Thread 0x00007fd4a3005000 Uncommon trap: reason=unstable_if action=reinterpret pc=0x0000000123cc5c24 method=java.util.HashMap.putVal(ILjava/lang/Object;Ljava/lang/Object;ZZ)Ljava/lang/Object; @ 162 c2
Event: 15.255 Thread 0x00007fd4a3005000 Uncommon trap: reason=profile_predicate action=maybe_recompile pc=0x0000000123d20334 method=org.eclipse.jdt.launching.internal.org.objectweb.asm.ByteVector.encodeUtf8(Ljava/lang/String;II)Lorg/eclipse/jdt/launching/internal/org/objectweb/asm/ByteVector; @
Event: 15.257 Thread 0x00007fd4a3005000 Uncommon trap: reason=profile_predicate action=maybe_recompile pc=0x0000000123d20334 method=org.eclipse.jdt.launching.internal.org.objectweb.asm.ByteVector.encodeUtf8(Ljava/lang/String;II)Lorg/eclipse/jdt/launching/internal/org/objectweb/asm/ByteVector; @
Event: 15.305 Thread 0x00007fd4a3005000 Uncommon trap: reason=profile_predicate action=maybe_recompile pc=0x0000000123d20334 method=org.eclipse.jdt.launching.internal.org.objectweb.asm.ByteVector.encodeUtf8(Ljava/lang/String;II)Lorg/eclipse/jdt/launching/internal/org/objectweb/asm/ByteVector; @
Event: 15.306 Thread 0x00007fd4a3005000 Uncommon trap: reason=profile_predicate action=maybe_recompile pc=0x0000000123d20334 method=org.eclipse.jdt.launching.internal.org.objectweb.asm.ByteVector.encodeUtf8(Ljava/lang/String;II)Lorg/eclipse/jdt/launching/internal/org/objectweb/asm/ByteVector; @

Classes redefined (10 events):
Event: 14783.097 Thread 0x00007fd4a403c800 redefined class name=Application, count=68
Event: 15051.647 Thread 0x00007fd4a403c800 redefined class name=Application, count=69
Event: 15238.156 Thread 0x00007fd4a403c800 redefined class name=Application, count=70
Event: 17609.964 Thread 0x00007fd4a403c800 redefined class name=Application, count=71
Event: 20196.614 Thread 0x00007fd4a403c800 redefined class name=Application, count=72
Event: 20358.226 Thread 0x00007fd4a403c800 redefined class name=Application, count=73
Event: 20380.707 Thread 0x00007fd4a403c800 redefined class name=Application, count=74
Event: 20738.127 Thread 0x00007fd4a403c800 redefined class name=Application, count=75
Event: 20790.018 Thread 0x00007fd4a403c800 redefined class name=Application, count=76
Event: 20963.462 Thread 0x00007fd4a403c800 redefined class name=Application, count=77

Internal exceptions (8 events):
Event: 0.452 Thread 0x00007fd4a3005000 Exception <a 'java/lang/NoSuchMethodError'{0x0000000787e91250}: java.lang.invoke.DirectMethodHandle$Holder.invokeSpecialIFC(Ljava/lang/Object;Ljava/lang/Object;I)I> (0x0000000787e91250) thrown at [/scratch/mesos/slaves/ae206c0d-865c-4d69-a16b-c4e90bf2719f
Event: 0.542 Thread 0x00007fd4a3005000 Exception <a 'java/lang/NoSuchMethodError'{0x0000000787d8ccd8}: java.lang.invoke.DirectMethodHandle$Holder.invokeSpecial(Ljava/lang/Object;Ljava/lang/Object;Ljava/lang/Object;Ljava/lang/Object;Ljava/lang/Object;)V> (0x0000000787d8ccd8) thrown at [/scratch
Event: 0.546 Thread 0x00007fd4a3005000 Exception <a 'java/lang/IncompatibleClassChangeError'{0x0000000787d9e800}: Found class java.lang.Object, but interface was expected> (0x0000000787d9e800) thrown at [/scratch/mesos/slaves/ae206c0d-865c-4d69-a16b-c4e90bf2719f-S178/frameworks/1735e8a2-a1db-4
Event: 0.547 Thread 0x00007fd4a3005000 Exception <a 'java/lang/NoSuchMethodError'{0x0000000787da1650}: java.lang.invoke.DirectMethodHandle$Holder.invokeStatic(Ljava/lang/Object;Ljava/lang/Object;Ljava/lang/Object;Ljava/lang/Object;)V> (0x0000000787da1650) thrown at [/scratch/mesos/slaves/ae206
Event: 14.480 Thread 0x00007fd4a3005000 Exception <a 'java/lang/NoSuchMethodError'{0x0000000787315210}: java.lang.invoke.DirectMethodHandle$Holder.invokeVirtual(Ljava/lang/Object;Ljava/lang/Object;Ljava/lang/Object;)Ljava/lang/Object;> (0x0000000787315210) thrown at [/scratch/mesos/slaves/ae206
Event: 15.073 Thread 0x00007fd4a3005000 Exception <a 'java/lang/NoSuchMethodError'{0x0000000786251898}: java.lang.invoke.DirectMethodHandle$Holder.invokeStaticInit(Ljava/lang/Object;Ljava/lang/Object;Ljava/lang/Object;Ljava/lang/Object;)I> (0x0000000786251898) thrown at [/scratch/mesos/slaves/a
Event: 15.075 Thread 0x00007fd4a3005000 Exception <a 'java/lang/NoSuchMethodError'{0x000000078625ce78}: java.lang.invoke.DirectMethodHandle$Holder.invokeStaticInit(Ljava/lang/Object;Ljava/lang/Object;)V> (0x000000078625ce78) thrown at [/scratch/mesos/slaves/ae206c0d-865c-4d69-a16b-c4e90bf2719f-
Event: 15.076 Thread 0x00007fd4a3005000 Exception <a 'java/lang/NoSuchMethodError'{0x0000000786262148}: java.lang.invoke.DirectMethodHandle$Holder.invokeStaticInit(Ljava/lang/Object;Ljava/lang/Object;)I> (0x0000000786262148) thrown at [/scratch/mesos/slaves/ae206c0d-865c-4d69-a16b-c4e90bf2719f-

Events (10 events):
Event: 20358.228 Executing VM operation: RedefineClasses done
Event: 20380.701 Executing VM operation: RedefineClasses
Event: 20380.710 Executing VM operation: RedefineClasses done
Event: 20738.116 Executing VM operation: RedefineClasses
Event: 20738.129 Executing VM operation: RedefineClasses done
Event: 20790.010 Executing VM operation: RedefineClasses
Event: 20790.020 Executing VM operation: RedefineClasses done
Event: 20963.454 Executing VM operation: RedefineClasses
Event: 20963.463 Executing VM operation: RedefineClasses done
Event: 23098.308 Executing VM operation: CollectForMetadataAllocation


Dynamic libraries:
0x00007fff2ee60000 	/System/Library/Frameworks/Cocoa.framework/Versions/A/Cocoa
0x00007fff3c407000 	/System/Library/Frameworks/Security.framework/Versions/A/Security
0x00007fff2de06000 	/System/Library/Frameworks/ApplicationServices.framework/Versions/A/ApplicationServices
0x00007fff66462000 	/usr/lib/libz.1.dylib
0x00007fff63f6a000 	/usr/lib/libSystem.B.dylib
0x00007fff2fdc5000 	/System/Library/Frameworks/CoreFoundation.framework/Versions/A/CoreFoundation
0x00007fff32480000 	/System/Library/Frameworks/Foundation.framework/Versions/C/Foundation
0x00007fff65d8d000 	/usr/lib/libobjc.A.dylib
0x00007fff2d00a000 	/System/Library/Frameworks/AppKit.framework/Versions/C/AppKit
0x00007fff2f8df000 	/System/Library/Frameworks/CoreData.framework/Versions/A/CoreData
0x00007fff6081b000 	/System/Library/PrivateFrameworks/UIFoundation.framework/Versions/A/UIFoundation
0x00007fff5b0bb000 	/System/Library/PrivateFrameworks/RemoteViewServices.framework/Versions/A/RemoteViewServices
0x00007fff6329b000 	/System/Library/PrivateFrameworks/XCTTargetBootstrap.framework/Versions/A/XCTTargetBootstrap
0x00007fff2fcba000 	/System/Library/Frameworks/CoreDisplay.framework/Versions/A/CoreDisplay
0x00007fff351b8000 	/System/Library/Frameworks/Metal.framework/Versions/A/Metal
0x00007fff49628000 	/System/Library/PrivateFrameworks/DesktopServicesPriv.framework/Versions/A/DesktopServicesPriv
0x00007fff65085000 	/usr/lib/liblangid.dylib
0x00007fff48784000 	/System/Library/PrivateFrameworks/CoreSVG.framework/Versions/A/CoreSVG
0x00007fff5ddeb000 	/System/Library/PrivateFrameworks/SkyLight.framework/Versions/A/SkyLight
0x00007fff30246000 	/System/Library/Frameworks/CoreGraphics.framework/Versions/A/CoreGraphics
0x00007fff2bbab000 	/System/Library/Frameworks/Accelerate.framework/Versions/A/Accelerate
0x00007fff66353000 	/usr/lib/libxml2.2.dylib
0x00007fff541f3000 	/System/Library/PrivateFrameworks/IconServices.framework/Versions/A/IconServices
0x00007fff32c3e000 	/System/Library/Frameworks/IOSurface.framework/Versions/A/IOSurface
0x00007fff63aa3000 	/usr/lib/libDiagnosticMessagesClient.dylib
0x00007fff494a2000 	/System/Library/PrivateFrameworks/DFRFoundation.framework/Versions/A/DFRFoundation
0x00007fff64e13000 	/usr/lib/libicucore.A.dylib
0x00007fff2e138000 	/System/Library/Frameworks/AudioToolbox.framework/Versions/A/AudioToolbox
0x00007fff2e21a000 	/System/Library/Frameworks/AudioUnit.framework/Versions/A/AudioUnit
0x00007fff6416c000 	/usr/lib/libauto.dylib
0x00007fff49522000 	/System/Library/PrivateFrameworks/DataDetectorsCore.framework/Versions/A/DataDetectorsCore
0x00007fff2e981000 	/System/Library/Frameworks/Carbon.framework/Versions/A/Frameworks/HIToolbox.framework/Versions/A/HIToolbox
0x00007fff3b5ff000 	/System/Library/Frameworks/QuartzCore.framework/Versions/A/QuartzCore
0x00007fff2ecc0000 	/System/Library/Frameworks/Carbon.framework/Versions/A/Frameworks/SpeechRecognition.framework/Versions/A/SpeechRecognition
0x00007fff48e24000 	/System/Library/PrivateFrameworks/CoreUI.framework/Versions/A/CoreUI
0x00007fff2f345000 	/System/Library/Frameworks/CoreAudio.framework/Versions/A/CoreAudio
0x00007fff3214d000 	/System/Library/Frameworks/DiskArbitration.framework/Versions/A/DiskArbitration
0x00007fff562d9000 	/System/Library/PrivateFrameworks/MultitouchSupport.framework/Versions/A/MultitouchSupport
0x00007fff64cde000 	/usr/lib/libenergytrace.dylib
0x00007fff32b99000 	/System/Library/Frameworks/IOKit.framework/Versions/A/IOKit
0x00007fff311ac000 	/System/Library/Frameworks/CoreServices.framework/Versions/A/CoreServices
0x00007fff5832e000 	/System/Library/PrivateFrameworks/PerformanceAnalysis.framework/Versions/A/PerformanceAnalysis
0x00007fff3a637000 	/System/Library/Frameworks/OpenGL.framework/Versions/A/OpenGL
0x00007fff2ee6e000 	/System/Library/Frameworks/ColorSync.framework/Versions/A/ColorSync
0x00007fff308cd000 	/System/Library/Frameworks/CoreImage.framework/Versions/A/CoreImage
0x00007fff31c20000 	/System/Library/Frameworks/CoreText.framework/Versions/A/CoreText
0x00007fff32cc1000 	/System/Library/Frameworks/ImageIO.framework/Versions/A/ImageIO
0x00007fff64248000 	/usr/lib/libc++.1.dylib
0x00007fff642c4000 	/usr/lib/libcompression.dylib
0x00007fff63de4000 	/usr/lib/libMobileGestalt.dylib
0x00007fff5f90e000 	/System/Library/PrivateFrameworks/TextureIO.framework/Versions/A/TextureIO
0x00007fff640d2000 	/usr/lib/libate.dylib
0x00007fff543f9000 	/System/Library/PrivateFrameworks/InternationalSupport.framework/Versions/A/InternationalSupport
0x00007fff66ed9000 	/usr/lib/system/libcache.dylib
0x00007fff66edf000 	/usr/lib/system/libcommonCrypto.dylib
0x00007fff66eeb000 	/usr/lib/system/libcompiler_rt.dylib
0x00007fff66ef3000 	/usr/lib/system/libcopyfile.dylib
0x00007fff66efd000 	/usr/lib/system/libcorecrypto.dylib
0x00007fff670ab000 	/usr/lib/system/libdispatch.dylib
0x00007fff670ed000 	/usr/lib/system/libdyld.dylib
0x00007fff67123000 	/usr/lib/system/libkeymgr.dylib
0x00007fff67131000 	/usr/lib/system/liblaunch.dylib
0x00007fff67132000 	/usr/lib/system/libmacho.dylib
0x00007fff67138000 	/usr/lib/system/libquarantine.dylib
0x00007fff6713b000 	/usr/lib/system/libremovefile.dylib
0x00007fff6713d000 	/usr/lib/system/libsystem_asl.dylib
0x00007fff67155000 	/usr/lib/system/libsystem_blocks.dylib
0x00007fff67156000 	/usr/lib/system/libsystem_c.dylib
0x00007fff671de000 	/usr/lib/system/libsystem_configuration.dylib
0x00007fff671e2000 	/usr/lib/system/libsystem_coreservices.dylib
0x00007fff671e6000 	/usr/lib/system/libsystem_darwin.dylib
0x00007fff671ee000 	/usr/lib/system/libsystem_dnssd.dylib
0x00007fff671f6000 	/usr/lib/system/libsystem_featureflags.dylib
0x00007fff671f8000 	/usr/lib/system/libsystem_info.dylib
0x00007fff67273000 	/usr/lib/system/libsystem_m.dylib
0x00007fff672bb000 	/usr/lib/system/libsystem_malloc.dylib
0x00007fff672e3000 	/usr/lib/system/libsystem_networkextension.dylib
0x00007fff672f1000 	/usr/lib/system/libsystem_notify.dylib
0x00007fff67310000 	/usr/lib/system/libsystem_sandbox.dylib
0x00007fff67315000 	/usr/lib/system/libsystem_secinit.dylib
0x00007fff67246000 	/usr/lib/system/libsystem_kernel.dylib
0x00007fff672fb000 	/usr/lib/system/libsystem_platform.dylib
0x00007fff67305000 	/usr/lib/system/libsystem_pthread.dylib
0x00007fff67318000 	/usr/lib/system/libsystem_symptoms.dylib
0x00007fff67320000 	/usr/lib/system/libsystem_trace.dylib
0x00007fff67338000 	/usr/lib/system/libunwind.dylib
0x00007fff6733e000 	/usr/lib/system/libxpc.dylib
0x00007fff6429c000 	/usr/lib/libc++abi.dylib
0x00007fff65087000 	/usr/lib/liblzma.5.dylib
0x00007fff64d06000 	/usr/lib/libfakelink.dylib
0x00007fff6405f000 	/usr/lib/libarchive.2.dylib
0x00007fff3d61b000 	/System/Library/Frameworks/SystemConfiguration.framework/Versions/A/SystemConfiguration
0x00007fff639d4000 	/usr/lib/libCRFSuite.dylib
0x00007fff2e590000 	/System/Library/Frameworks/CFNetwork.framework/Versions/A/CFNetwork
0x00007fff6422a000 	/usr/lib/libbsm.0.dylib
0x00007fff67124000 	/usr/lib/system/libkxld.dylib
0x00007fff43021000 	/System/Library/PrivateFrameworks/AppleFSCompression.framework/Versions/A/AppleFSCompression
0x00007fff6459d000 	/usr/lib/libcoretls.dylib
0x00007fff645b4000 	/usr/lib/libcoretls_cfhelpers.dylib
0x00007fff65dd1000 	/usr/lib/libpam.2.dylib
0x00007fff65f00000 	/usr/lib/libsqlite3.dylib
0x00007fff66340000 	/usr/lib/libxar.1.dylib
0x00007fff6423b000 	/usr/lib/libbz2.1.0.dylib
0x00007fff64d22000 	/usr/lib/libiconv.2.dylib
0x00007fff642b1000 	/usr/lib/libcharset.1.dylib
0x00007fff6587d000 	/usr/lib/libnetwork.dylib
0x00007fff65dd8000 	/usr/lib/libpcap.A.dylib
0x00007fff64014000 	/usr/lib/libapple_nghttp2.dylib
0x00007fff31563000 	/System/Library/Frameworks/CoreServices.framework/Versions/A/Frameworks/FSEvents.framework/Versions/A/FSEvents
0x00007fff31233000 	/System/Library/Frameworks/CoreServices.framework/Versions/A/Frameworks/CarbonCore.framework/Versions/A/CarbonCore
0x00007fff317a5000 	/System/Library/Frameworks/CoreServices.framework/Versions/A/Frameworks/Metadata.framework/Versions/A/Metadata
0x00007fff3183e000 	/System/Library/Frameworks/CoreServices.framework/Versions/A/Frameworks/OSServices.framework/Versions/A/OSServices
0x00007fff3186c000 	/System/Library/Frameworks/CoreServices.framework/Versions/A/Frameworks/SearchKit.framework/Versions/A/SearchKit
0x00007fff311ad000 	/System/Library/Frameworks/CoreServices.framework/Versions/A/Frameworks/AE.framework/Versions/A/AE
0x00007fff3156c000 	/System/Library/Frameworks/CoreServices.framework/Versions/A/Frameworks/LaunchServices.framework/Versions/A/LaunchServices
0x00007fff31515000 	/System/Library/Frameworks/CoreServices.framework/Versions/A/Frameworks/DictionaryServices.framework/Versions/A/DictionaryServices
0x00007fff318d4000 	/System/Library/Frameworks/CoreServices.framework/Versions/A/Frameworks/SharedFileList.framework/Versions/A/SharedFileList
0x00007fff3648d000 	/System/Library/Frameworks/NetFS.framework/Versions/A/NetFS
0x00007fff56779000 	/System/Library/PrivateFrameworks/NetAuth.framework/Versions/A/NetAuth
0x00007fff63664000 	/System/Library/PrivateFrameworks/login.framework/Versions/A/Frameworks/loginsupport.framework/Versions/A/loginsupport
0x00007fff5f414000 	/System/Library/PrivateFrameworks/TCC.framework/Versions/A/TCC
0x00007fff47b62000 	/System/Library/PrivateFrameworks/CoreNLP.framework/Versions/A/CoreNLP
0x00007fff55d0a000 	/System/Library/PrivateFrameworks/MetadataUtilities.framework/Versions/A/MetadataUtilities
0x00007fff6515f000 	/usr/lib/libmecabra.dylib
0x00007fff650b7000 	/usr/lib/libmecab.dylib
0x00007fff64d17000 	/usr/lib/libgermantok.dylib
0x00007fff63ffb000 	/usr/lib/libThaiTokenizer.dylib
0x00007fff63a0c000 	/usr/lib/libChineseTokenizer.dylib
0x00007fff2bbc3000 	/System/Library/Frameworks/Accelerate.framework/Versions/A/Frameworks/vImage.framework/Versions/A/vImage
0x00007fff2ce65000 	/System/Library/Frameworks/Accelerate.framework/Versions/A/Frameworks/vecLib.framework/Versions/A/vecLib
0x00007fff2cda9000 	/System/Library/Frameworks/Accelerate.framework/Versions/A/Frameworks/vecLib.framework/Versions/A/libvMisc.dylib
0x00007fff2cbcf000 	/System/Library/Frameworks/Accelerate.framework/Versions/A/Frameworks/vecLib.framework/Versions/A/libvDSP.dylib
0x00007fff2c22f000 	/System/Library/Frameworks/Accelerate.framework/Versions/A/Frameworks/vecLib.framework/Versions/A/libBLAS.dylib
0x00007fff2c789000 	/System/Library/Frameworks/Accelerate.framework/Versions/A/Frameworks/vecLib.framework/Versions/A/libLAPACK.dylib
0x00007fff2cb2f000 	/System/Library/Frameworks/Accelerate.framework/Versions/A/Frameworks/vecLib.framework/Versions/A/libLinearAlgebra.dylib
0x00007fff2cbbc000 	/System/Library/Frameworks/Accelerate.framework/Versions/A/Frameworks/vecLib.framework/Versions/A/libSparseBLAS.dylib
0x00007fff2cb45000 	/System/Library/Frameworks/Accelerate.framework/Versions/A/Frameworks/vecLib.framework/Versions/A/libQuadrature.dylib
0x00007fff2c498000 	/System/Library/Frameworks/Accelerate.framework/Versions/A/Frameworks/vecLib.framework/Versions/A/libBNNS.dylib
0x00007fff2cb4b000 	/System/Library/Frameworks/Accelerate.framework/Versions/A/Frameworks/vecLib.framework/Versions/A/libSparse.dylib
0x00007fff547b8000 	/System/Library/PrivateFrameworks/LanguageModeling.framework/Versions/A/LanguageModeling
0x00007fff47506000 	/System/Library/PrivateFrameworks/CoreEmoji.framework/Versions/A/CoreEmoji
0x00007fff548d5000 	/System/Library/PrivateFrameworks/LinguisticData.framework/Versions/A/LinguisticData
0x00007fff54886000 	/System/Library/PrivateFrameworks/Lexicon.framework/Versions/A/Lexicon
0x00007fff642b2000 	/usr/lib/libcmph.dylib
0x00007fff3905d000 	/System/Library/Frameworks/OpenDirectory.framework/Versions/A/Frameworks/CFOpenDirectory.framework/Versions/A/CFOpenDirectory
0x00007fff3907a000 	/System/Library/Frameworks/OpenDirectory.framework/Versions/A/OpenDirectory
0x00007fff413d9000 	/System/Library/PrivateFrameworks/APFS.framework/Versions/A/APFS
0x00007fff3c74c000 	/System/Library/Frameworks/SecurityFoundation.framework/Versions/A/SecurityFoundation
0x00007fff6633c000 	/usr/lib/libutil.dylib
0x00007fff487dc000 	/System/Library/PrivateFrameworks/CoreServicesStore.framework/Versions/A/CoreServicesStore
0x00007fff3c82d000 	/System/Library/Frameworks/ServiceManagement.framework/Versions/A/ServiceManagement
0x00007fff447bc000 	/System/Library/PrivateFrameworks/BackgroundTaskManagement.framework/Versions/A/BackgroundTaskManagement
0x00007fff66439000 	/usr/lib/libxslt.1.dylib
0x00007fff4367f000 	/System/Library/PrivateFrameworks/AppleSystemInfo.framework/Versions/A/AppleSystemInfo
0x00007fff32edc000 	/System/Library/Frameworks/ImageIO.framework/Versions/A/Resources/libJPEG.dylib
0x00007fff3319b000 	/System/Library/Frameworks/ImageIO.framework/Versions/A/Resources/libTIFF.dylib
0x00007fff3317e000 	/System/Library/Frameworks/ImageIO.framework/Versions/A/Resources/libPng.dylib
0x00007fff32e1d000 	/System/Library/Frameworks/ImageIO.framework/Versions/A/Resources/libGIF.dylib
0x00007fff32e21000 	/System/Library/Frameworks/ImageIO.framework/Versions/A/Resources/libJP2.dylib
0x00007fff33199000 	/System/Library/Frameworks/ImageIO.framework/Versions/A/Resources/libRadiance.dylib
0x00007fff64cdf000 	/usr/lib/libexpat.1.dylib
0x00007fff4317c000 	/System/Library/PrivateFrameworks/AppleJPEG.framework/Versions/A/AppleJPEG
0x00007fff4b9f4000 	/System/Library/PrivateFrameworks/FontServices.framework/libFontParser.dylib
0x00007fff626bf000 	/System/Library/PrivateFrameworks/WatchdogClient.framework/Versions/A/WatchdogClient
0x00007fff53e4b000 	/System/Library/PrivateFrameworks/IOAccelerator.framework/Versions/A/IOAccelerator
0x00007fff35546000 	/System/Library/Frameworks/MetalPerformanceShaders.framework/Versions/A/MetalPerformanceShaders
0x00007fff50741000 	/System/Library/PrivateFrameworks/GPUWrangler.framework/Versions/A/GPUWrangler
0x00007fff53e56000 	/System/Library/PrivateFrameworks/IOPresentment.framework/Versions/A/IOPresentment
0x00007fff494b4000 	/System/Library/PrivateFrameworks/DSExternalDisplay.framework/Versions/A/DSExternalDisplay
0x00007fff399e3000 	/System/Library/Frameworks/OpenGL.framework/Versions/A/Libraries/libCoreFSCache.dylib
0x00007fff35297000 	/System/Library/Frameworks/MetalPerformanceShaders.framework/Frameworks/MPSCore.framework/Versions/A/MPSCore
0x00007fff352d4000 	/System/Library/Frameworks/MetalPerformanceShaders.framework/Frameworks/MPSImage.framework/Versions/A/MPSImage
0x00007fff35397000 	/System/Library/Frameworks/MetalPerformanceShaders.framework/Frameworks/MPSNeuralNetwork.framework/Versions/A/MPSNeuralNetwork
0x00007fff3535b000 	/System/Library/Frameworks/MetalPerformanceShaders.framework/Frameworks/MPSMatrix.framework/Versions/A/MPSMatrix
0x00007fff354f7000 	/System/Library/Frameworks/MetalPerformanceShaders.framework/Frameworks/MPSRayIntersector.framework/Versions/A/MPSRayIntersector
0x00007fff35381000 	/System/Library/Frameworks/MetalPerformanceShaders.framework/Frameworks/MPSNDArray.framework/Versions/A/MPSNDArray
0x00007fff55d57000 	/System/Library/PrivateFrameworks/MetalTools.framework/Versions/A/MetalTools
0x00007fff424b8000 	/System/Library/PrivateFrameworks/AggregateDictionary.framework/Versions/A/AggregateDictionary
0x00007fff46f9d000 	/System/Library/PrivateFrameworks/CoreAnalytics.framework/Versions/A/CoreAnalytics
0x00007fff4359d000 	/System/Library/PrivateFrameworks/AppleSauce.framework/Versions/A/AppleSauce
0x00007fff63cc7000 	/usr/lib/libIOReport.dylib
0x00007fff31dd5000 	/System/Library/Frameworks/CoreVideo.framework/Versions/A/CoreVideo
0x00007fff51b2e000 	/System/Library/PrivateFrameworks/GraphVisualizer.framework/Versions/A/GraphVisualizer
0x00007fff4af76000 	/System/Library/PrivateFrameworks/FaceCore.framework/Versions/A/FaceCore
0x00007fff39004000 	/System/Library/Frameworks/OpenCL.framework/Versions/A/OpenCL
0x00007fff63ae9000 	/usr/lib/libFosl_dynamic.dylib
0x00007fff5716f000 	/System/Library/PrivateFrameworks/OTSVG.framework/Versions/A/OTSVG
0x00007fff2df0b000 	/System/Library/Frameworks/ApplicationServices.framework/Versions/A/Frameworks/ATS.framework/Versions/A/Resources/libFontRegistry.dylib
0x00007fff4bbc5000 	/System/Library/PrivateFrameworks/FontServices.framework/libhvf.dylib
0x00007fff399ee000 	/System/Library/Frameworks/OpenGL.framework/Versions/A/Libraries/libGFXShared.dylib
0x00007fff39bcb000 	/System/Library/Frameworks/OpenGL.framework/Versions/A/Libraries/libGLU.dylib
0x00007fff399f7000 	/System/Library/Frameworks/OpenGL.framework/Versions/A/Libraries/libGL.dylib
0x00007fff39a02000 	/System/Library/Frameworks/OpenGL.framework/Versions/A/Libraries/libGLImage.dylib
0x00007fff399e0000 	/System/Library/Frameworks/OpenGL.framework/Versions/A/Libraries/libCVMSPluginSupport.dylib
0x00007fff399e9000 	/System/Library/Frameworks/OpenGL.framework/Versions/A/Libraries/libCoreVMClient.dylib
0x00007fff6571f000 	/usr/lib/libncurses.5.4.dylib
0x00007fff2de07000 	/System/Library/Frameworks/ApplicationServices.framework/Versions/A/Frameworks/ATS.framework/Versions/A/ATS
0x00007fff2dfd4000 	/System/Library/Frameworks/ApplicationServices.framework/Versions/A/Frameworks/ColorSyncLegacy.framework/Versions/A/ColorSyncLegacy
0x00007fff2e073000 	/System/Library/Frameworks/ApplicationServices.framework/Versions/A/Frameworks/HIServices.framework/Versions/A/HIServices
0x00007fff2e0ca000 	/System/Library/Frameworks/ApplicationServices.framework/Versions/A/Frameworks/LangAnalysis.framework/Versions/A/LangAnalysis
0x00007fff2e0d9000 	/System/Library/Frameworks/ApplicationServices.framework/Versions/A/Frameworks/PrintCore.framework/Versions/A/PrintCore
0x00007fff2e11f000 	/System/Library/Frameworks/ApplicationServices.framework/Versions/A/Frameworks/QD.framework/Versions/A/QD
0x00007fff2e12a000 	/System/Library/Frameworks/ApplicationServices.framework/Versions/A/Frameworks/SpeechSynthesis.framework/Versions/A/SpeechSynthesis
0x00007fff2dfa4000 	/System/Library/Frameworks/ApplicationServices.framework/Versions/A/Frameworks/ATSUI.framework/Versions/A/ATSUI
0x00007fff64b73000 	/usr/lib/libcups.2.dylib
0x00007fff345ff000 	/System/Library/Frameworks/Kerberos.framework/Versions/A/Kerberos
0x00007fff328b4000 	/System/Library/Frameworks/GSS.framework/Versions/A/GSS
0x00007fff65e8d000 	/usr/lib/libresolv.9.dylib
0x00007fff51ccf000 	/System/Library/PrivateFrameworks/Heimdal.framework/Versions/A/Heimdal
0x00007fff34612000 	/System/Library/Frameworks/Kerberos.framework/Versions/A/Libraries/libHeimdalProxy.dylib
0x00007fff64d1d000 	/usr/lib/libheimdal-asn1.dylib
0x00007fff46463000 	/System/Library/PrivateFrameworks/CommonAuth.framework/Versions/A/CommonAuth
0x00007fff4371c000 	/System/Library/PrivateFrameworks/AssertionServices.framework/Versions/A/AssertionServices
0x00007fff442b2000 	/System/Library/PrivateFrameworks/AudioToolboxCore.framework/Versions/A/AudioToolboxCore
0x00007fff63317000 	/System/Library/PrivateFrameworks/caulk.framework/Versions/A/caulk
0x00007fff44868000 	/System/Library/PrivateFrameworks/BaseBoard.framework/Versions/A/BaseBoard
0x00007fff5b247000 	/System/Library/PrivateFrameworks/RunningBoardServices.framework/Versions/A/RunningBoardServices
0x00007fff5833a000 	/System/Library/PrivateFrameworks/PersistentConnection.framework/Versions/A/PersistentConnection
0x00007fff5ac54000 	/System/Library/PrivateFrameworks/ProtocolBuffer.framework/Versions/A/ProtocolBuffer
0x00007fff46480000 	/System/Library/PrivateFrameworks/CommonUtilities.framework/Versions/A/CommonUtilities
0x00007fff449e7000 	/System/Library/PrivateFrameworks/Bom.framework/Versions/A/Bom
0x00007fff63998000 	/usr/lib/libAudioToolboxUtility.dylib
0x00007fff447c6000 	/System/Library/PrivateFrameworks/Backup.framework/Versions/A/Backup
0x00007fff49223000 	/System/Library/PrivateFrameworks/CrashReporterSupport.framework/Versions/A/CrashReporterSupport
0x00007fff5ccd0000 	/System/Library/PrivateFrameworks/Sharing.framework/Versions/A/Sharing
0x00007fff42ec9000 	/System/Library/PrivateFrameworks/Apple80211.framework/Versions/A/Apple80211
0x00007fff444ee000 	/System/Library/PrivateFrameworks/AuthKit.framework/Versions/A/AuthKit
0x00007fff48f51000 	/System/Library/PrivateFrameworks/CoreUtils.framework/Versions/A/CoreUtils
0x00007fff31e1a000 	/System/Library/Frameworks/CoreWLAN.framework/Versions/A/CoreWLAN
0x00007fff32a1d000 	/System/Library/Frameworks/IOBluetooth.framework/Versions/A/IOBluetooth
0x00007fff56055000 	/System/Library/PrivateFrameworks/MobileKeyBag.framework/Versions/A/MobileKeyBag
0x00007fff48032000 	/System/Library/PrivateFrameworks/CorePhoneNumbers.framework/Versions/A/CorePhoneNumbers
0x00007fff4312f000 	/System/Library/PrivateFrameworks/AppleIDAuthSupport.framework/Versions/A/AppleIDAuthSupport
0x00007fff3649a000 	/System/Library/Frameworks/Network.framework/Versions/A/Network
0x00007fff54641000 	/System/Library/PrivateFrameworks/KeychainCircle.framework/Versions/A/KeychainCircle
0x00007fff2f8a7000 	/System/Library/Frameworks/CoreBluetooth.framework/Versions/A/CoreBluetooth
0x00007fff5e92a000 	/System/Library/PrivateFrameworks/SpeechRecognitionCore.framework/Versions/A/SpeechRecognitionCore
0x00007fff23374000 	/System/Library/CoreServices/Encodings/libSimplifiedChineseConverter.dylib
0x000000010f600000 	/Library/Java/JavaVirtualMachines/jdk-11.0.4.jdk/Contents/Home/lib/server/libjvm.dylib
0x000000010ec05000 	/Library/Java/JavaVirtualMachines/jdk-11.0.4.jdk/Contents/Home/lib/libverify.dylib
0x000000010ec11000 	/Library/Java/JavaVirtualMachines/jdk-11.0.4.jdk/Contents/Home/lib/libjava.dylib
0x000000010ec58000 	/Library/Java/JavaVirtualMachines/jdk-11.0.4.jdk/Contents/Home/lib/libjdwp.dylib
0x000000010ec90000 	/Library/Java/JavaVirtualMachines/jdk-11.0.4.jdk/Contents/Home/lib/libinstrument.dylib
0x000000010ed28000 	/Library/Java/JavaVirtualMachines/jdk-11.0.4.jdk/Contents/Home/lib/libzip.dylib
0x000000010ed30000 	/Library/Java/JavaVirtualMachines/jdk-11.0.4.jdk/Contents/Home/lib/libjimage.dylib
0x000000011bd56000 	/Library/Java/JavaVirtualMachines/jdk-11.0.4.jdk/Contents/Home/lib/libnio.dylib
0x000000011bd64000 	/Library/Java/JavaVirtualMachines/jdk-11.0.4.jdk/Contents/Home/lib/libnet.dylib
0x000000011bf9b000 	/Library/Java/JavaVirtualMachines/jdk-11.0.4.jdk/Contents/Home/lib/libdt_socket.dylib
0x000000010ede0000 	/Library/Java/JavaVirtualMachines/jdk-11.0.4.jdk/Contents/Home/lib/libextnet.dylib
0x000000011bf3f000 	/Library/Java/JavaVirtualMachines/jdk-11.0.4.jdk/Contents/Home/lib/libsunec.dylib


VM Arguments:
jvm_args: -agentlib:jdwp=transport=dt_socket,suspend=y,address=localhost:62188 -javaagent:/Users/chai/eclipse/jee-2019-06/Eclipse.app/Contents/Eclipse/configuration/org.eclipse.osgi/403/0/.cp/lib/javaagent-shaded.jar -Dfile.encoding=UTF-8 --module-path=/Users/chai/PFassign2/lib/mysql-connector-java-8.0.17.jar 
java_command: Application
java_class_path (initial): /Users/chai/PFassign2/bin
Launcher Type: SUN_STANDARD

[Global flags]
     intx CICompilerCount                          = 3                                         {product} {ergonomic}
     uint ConcGCThreads                            = 1                                         {product} {ergonomic}
     uint G1ConcRefinementThreads                  = 4                                         {product} {ergonomic}
   size_t G1HeapRegionSize                         = 1048576                                   {product} {ergonomic}
    uintx GCDrainStackTargetSize                   = 64                                        {product} {ergonomic}
   size_t InitialHeapSize                          = 134217728                                 {product} {ergonomic}
   size_t MarkStackSize                            = 4194304                                   {product} {ergonomic}
   size_t MaxHeapSize                              = 2147483648                                {product} {ergonomic}
   size_t MaxNewSize                               = 1287651328                                {product} {ergonomic}
   size_t MinHeapDeltaBytes                        = 1048576                                   {product} {ergonomic}
    uintx NonNMethodCodeHeapSize                   = 5830092                                {pd product} {ergonomic}
    uintx NonProfiledCodeHeapSize                  = 122914074                              {pd product} {ergonomic}
    uintx ProfiledCodeHeapSize                     = 122914074                              {pd product} {ergonomic}
    uintx ReservedCodeCacheSize                    = 251658240                              {pd product} {ergonomic}
     bool SegmentedCodeCache                       = true                                      {product} {ergonomic}
     bool UseCompressedClassPointers               = true                                 {lp64_product} {ergonomic}
     bool UseCompressedOops                        = true                                 {lp64_product} {ergonomic}
     bool UseG1GC                                  = true                                      {product} {ergonomic}

Logging:
Log output configuration:
 #0: stdout all=warning uptime,level,tags
 #1: stderr all=off uptime,level,tags

Environment Variables:
PATH=/usr/bin:/bin:/usr/sbin:/sbin
SHELL=/bin/bash

Signal Handlers:
SIGSEGV: [libjvm.dylib+0x7413f8], sa_mask[0]=11111111011111110111111111111111, sa_flags=SA_ONSTACK|SA_RESTART|SA_SIGINFO
SIGBUS: [libjvm.dylib+0x7413f8], sa_mask[0]=11111111011111110111111111111111, sa_flags=SA_RESTART|SA_SIGINFO
SIGFPE: [libjvm.dylib+0x7413f8], sa_mask[0]=11111111011111110111111111111111, sa_flags=SA_RESTART|SA_SIGINFO
SIGPIPE: [libjvm.dylib+0x5f409e], sa_mask[0]=11111111011111110111111111111111, sa_flags=SA_RESTART|SA_SIGINFO
SIGXFSZ: [libjvm.dylib+0x5f409e], sa_mask[0]=11111111011111110111111111111111, sa_flags=SA_RESTART|SA_SIGINFO
SIGILL: [libjvm.dylib+0x7413f8], sa_mask[0]=11111111011111110111111111111111, sa_flags=SA_RESTART|SA_SIGINFO
SIGUSR2: [libjvm.dylib+0x5f4683], sa_mask[0]=00100000000000000000000000000000, sa_flags=SA_RESTART|SA_SIGINFO
SIGHUP: [libjvm.dylib+0x5f30df], sa_mask[0]=11111111011111110111111111111111, sa_flags=SA_RESTART|SA_SIGINFO
SIGINT: [libjvm.dylib+0x5f30df], sa_mask[0]=11111111011111110111111111111111, sa_flags=SA_RESTART|SA_SIGINFO
SIGTERM: [libjvm.dylib+0x5f30df], sa_mask[0]=11111111011111110111111111111111, sa_flags=SA_RESTART|SA_SIGINFO
SIGQUIT: [libjvm.dylib+0x5f30df], sa_mask[0]=11111111011111110111111111111111, sa_flags=SA_RESTART|SA_SIGINFO


---------------  S Y S T E M  ---------------

OS:uname:Darwin 19.0.0 Darwin Kernel Version 19.0.0: Wed Sep 25 20:18:50 PDT 2019; root:xnu-6153.11.26~2/RELEASE_X86_64 x86_64
rlimit: STACK 8192k, CORE 0k, NPROC 1392, NOFILE 10240, AS infinity, DATA infinity, FSIZE infinity
load average:3.22 3.91 4.24

CPU:total 4 (initial active 4) (2 cores per cpu, 2 threads per core) family 6 model 61 stepping 4, cmov, cx8, fxsr, mmx, sse, sse2, sse3, ssse3, sse4.1, sse4.2, popcnt, avx, avx2, aes, clmul, erms, 3dnowpref, lzcnt, ht, tsc, tscinvbit, bmi1, bmi2, adx, fma

Memory: 4k page, physical 8388608k(29384k free)

vm_info: Java HotSpot(TM) 64-Bit Server VM (11.0.4+10-LTS) for bsd-amd64 JRE (11.0.4+10-LTS), built on Jul  4 2019 15:49:59 by "mach5one" with gcc 4.2.1 Compatible Apple LLVM 9.1.0 (clang-902.0.39.2)

END.
